# JRE version: OpenJDK Runtime Environment (8.0_202) (build 1.8.0_202-release-1483-b49-5587405)
# Java VM: OpenJDK 64-Bit Server VM (25.202-b49-5587405 mixed mode linux-amd64 compressed oops)
Heap:
 PSYoungGen      total 286208K, used 185753K [0x00000000e0000000, 0x00000000f4300000, 0x0000000100000000)
  eden space 269824K, 62% used [0x00000000e0000000,0x00000000ea5a8840,0x00000000f0780000)
  from space 16384K, 98% used [0x00000000f3300000,0x00000000f42bded0,0x00000000f4300000)
  to   space 24064K, 0% used [0x00000000f1400000,0x00000000f1400000,0x00000000f2b80000)
 ParOldGen       total 204288K, used 32238K [0x00000000a0000000, 0x00000000ac780000, 0x00000000e0000000)
  object space 204288K, 15% used [0x00000000a0000000,0x00000000a1f7b878,0x00000000ac780000)
 Metaspace       used 65444K, capacity 67438K, committed 67672K, reserved 1107968K
  class space    used 8549K, capacity 9040K, committed 9088K, reserved 1048576K
GC Heap History (10 events):
Event: 2.904 GC heap before
{Heap before GC invocations=7 (full 2):
 PSYoungGen      total 200192K, used 7680K [0x00000000e0000000, 0x00000000eef00000, 0x0000000100000000)
  eden space 192512K, 0% used [0x00000000e0000000,0x00000000e0000000,0x00000000ebc00000)
  from space 7680K, 100% used [0x00000000ebc00000,0x00000000ec380000,0x00000000ec380000)
  to   space 16384K, 0% used [0x00000000edf00000,0x00000000edf00000,0x00000000eef00000)
 ParOldGen       total 92672K, used 20758K [0x00000000a0000000, 0x00000000a5a80000, 0x00000000e0000000)
  object space 92672K, 22% used [0x00000000a0000000,0x00000000a1445ae0,0x00000000a5a80000)
 Metaspace       used 34604K, capacity 35210K, committed 35416K, reserved 1079296K
  class space    used 4766K, capacity 4964K, committed 4992K, reserved 1048576K
Event: 2.955 GC heap after
Heap after GC invocations=7 (full 2):
 PSYoungGen      total 200192K, used 0K [0x00000000e0000000, 0x00000000eef00000, 0x0000000100000000)
  eden space 192512K, 0% used [0x00000000e0000000,0x00000000e0000000,0x00000000ebc00000)
  from space 7680K, 0% used [0x00000000ebc00000,0x00000000ebc00000,0x00000000ec380000)
  to   space 16384K, 0% used [0x00000000edf00000,0x00000000edf00000,0x00000000eef00000)
 ParOldGen       total 144896K, used 19572K [0x00000000a0000000, 0x00000000a8d80000, 0x00000000e0000000)
  object space 144896K, 13% used [0x00000000a0000000,0x00000000a131d238,0x00000000a8d80000)
 Metaspace       used 34604K, capacity 35210K, committed 35416K, reserved 1079296K
  class space    used 4766K, capacity 4964K, committed 4992K, reserved 1048576K
}
Event: 4.517 GC heap before
{Heap before GC invocations=8 (full 2):
 PSYoungGen      total 200192K, used 192512K [0x00000000e0000000, 0x00000000eef00000, 0x0000000100000000)
  eden space 192512K, 100% used [0x00000000e0000000,0x00000000ebc00000,0x00000000ebc00000)
  from space 7680K, 0% used [0x00000000ebc00000,0x00000000ebc00000,0x00000000ec380000)
  to   space 16384K, 0% used [0x00000000edf00000,0x00000000edf00000,0x00000000eef00000)
 ParOldGen       total 144896K, used 19572K [0x00000000a0000000, 0x00000000a8d80000, 0x00000000e0000000)
  object space 144896K, 13% used [0x00000000a0000000,0x00000000a131d238,0x00000000a8d80000)
 Metaspace       used 51536K, capacity 52946K, committed 53208K, reserved 1095680K
  class space    used 6998K, capacity 7380K, committed 7424K, reserved 1048576K
Event: 4.554 GC heap after
Heap after GC invocations=8 (full 2):
 PSYoungGen      total 222208K, used 16358K [0x00000000e0000000, 0x00000000f3500000, 0x0000000100000000)
  eden space 205824K, 0% used [0x00000000e0000000,0x00000000e0000000,0x00000000ec900000)
  from space 16384K, 99% used [0x00000000edf00000,0x00000000eeef9b78,0x00000000eef00000)
  to   space 22528K, 0% used [0x00000000ec900000,0x00000000ec900000,0x00000000edf00000)
 ParOldGen       total 144896K, used 26353K [0x00000000a0000000, 0x00000000a8d80000, 0x00000000e0000000)
  object space 144896K, 18% used [0x00000000a0000000,0x00000000a19bc638,0x00000000a8d80000)
 Metaspace       used 51536K, capacity 52946K, committed 53208K, reserved 1095680K
  class space    used 6998K, capacity 7380K, committed 7424K, reserved 1048576K
}
Event: 5.308 GC heap before
{Heap before GC invocations=9 (full 2):
 PSYoungGen      total 222208K, used 95100K [0x00000000e0000000, 0x00000000f3500000, 0x0000000100000000)
  eden space 205824K, 38% used [0x00000000e0000000,0x00000000e4ce54f0,0x00000000ec900000)
  from space 16384K, 99% used [0x00000000edf00000,0x00000000eeef9b78,0x00000000eef00000)
  to   space 22528K, 0% used [0x00000000ec900000,0x00000000ec900000,0x00000000edf00000)
 ParOldGen       total 144896K, used 26353K [0x00000000a0000000, 0x00000000a8d80000, 0x00000000e0000000)
  object space 144896K, 18% used [0x00000000a0000000,0x00000000a19bc638,0x00000000a8d80000)
 Metaspace       used 57199K, capacity 58868K, committed 58968K, reserved 1099776K
  class space    used 7833K, capacity 8261K, committed 8320K, reserved 1048576K
Event: 5.322 GC heap after
Heap after GC invocations=9 (full 2):
 PSYoungGen      total 228352K, used 17586K [0x00000000e0000000, 0x00000000f4a80000, 0x0000000100000000)
  eden space 205824K, 0% used [0x00000000e0000000,0x00000000e0000000,0x00000000ec900000)
  from space 22528K, 78% used [0x00000000ec900000,0x00000000eda2cb90,0x00000000edf00000)
  to   space 24064K, 0% used [0x00000000f3300000,0x00000000f3300000,0x00000000f4a80000)
 ParOldGen       total 144896K, used 26425K [0x00000000a0000000, 0x00000000a8d80000, 0x00000000e0000000)
  object space 144896K, 18% used [0x00000000a0000000,0x00000000a19ce648,0x00000000a8d80000)
 Metaspace       used 57199K, capacity 58868K, committed 58968K, reserved 1099776K
  class space    used 7833K, capacity 8261K, committed 8320K, reserved 1048576K
}
Event: 5.322 GC heap before
{Heap before GC invocations=10 (full 3):
 PSYoungGen      total 228352K, used 17586K [0x00000000e0000000, 0x00000000f4a80000, 0x0000000100000000)
  eden space 205824K, 0% used [0x00000000e0000000,0x00000000e0000000,0x00000000ec900000)
  from space 22528K, 78% used [0x00000000ec900000,0x00000000eda2cb90,0x00000000edf00000)
  to   space 24064K, 0% used [0x00000000f3300000,0x00000000f3300000,0x00000000f4a80000)
 ParOldGen       total 144896K, used 26425K [0x00000000a0000000, 0x00000000a8d80000, 0x00000000e0000000)
  object space 144896K, 18% used [0x00000000a0000000,0x00000000a19ce648,0x00000000a8d80000)
 Metaspace       used 57199K, capacity 58868K, committed 58968K, reserved 1099776K
  class space    used 7833K, capacity 8261K, committed 8320K, reserved 1048576K
Event: 5.420 GC heap after
Heap after GC invocations=10 (full 3):
 PSYoungGen      total 228352K, used 0K [0x00000000e0000000, 0x00000000f4a80000, 0x0000000100000000)
  eden space 205824K, 0% used [0x00000000e0000000,0x00000000e0000000,0x00000000ec900000)
  from space 22528K, 0% used [0x00000000ec900000,0x00000000ec900000,0x00000000edf00000)
  to   space 24064K, 0% used [0x00000000f3300000,0x00000000f3300000,0x00000000f4a80000)
 ParOldGen       total 204288K, used 32230K [0x00000000a0000000, 0x00000000ac780000, 0x00000000e0000000)
  object space 204288K, 15% used [0x00000000a0000000,0x00000000a1f79878,0x00000000ac780000)
 Metaspace       used 57174K, capacity 58796K, committed 58968K, reserved 1099776K
  class space    used 7825K, capacity 8247K, committed 8320K, reserved 1048576K
}
Event: 31.416 GC heap before
{Heap before GC invocations=11 (full 3):
 PSYoungGen      total 228352K, used 205824K [0x00000000e0000000, 0x00000000f4a80000, 0x0000000100000000)
  eden space 205824K, 100% used [0x00000000e0000000,0x00000000ec900000,0x00000000ec900000)
  from space 22528K, 0% used [0x00000000ec900000,0x00000000ec900000,0x00000000edf00000)
  to   space 24064K, 0% used [0x00000000f3300000,0x00000000f3300000,0x00000000f4a80000)
 ParOldGen       total 204288K, used 32230K [0x00000000a0000000, 0x00000000ac780000, 0x00000000e0000000)
  object space 204288K, 15% used [0x00000000a0000000,0x00000000a1f79878,0x00000000ac780000)
 Metaspace       used 63797K, capacity 65774K, committed 66008K, reserved 1105920K
  class space    used 8411K, capacity 8896K, committed 8960K, reserved 1048576K
Event: 31.439 GC heap after
Heap after GC invocations=11 (full 3):
 PSYoungGen      total 286208K, used 16119K [0x00000000e0000000, 0x00000000f4300000, 0x0000000100000000)
  eden space 269824K, 0% used [0x00000000e0000000,0x00000000e0000000,0x00000000f0780000)
  from space 16384K, 98% used [0x00000000f3300000,0x00000000f42bded0,0x00000000f4300000)
  to   space 24064K, 0% used [0x00000000f1400000,0x00000000f1400000,0x00000000f2b80000)
 ParOldGen       total 204288K, used 32238K [0x00000000a0000000, 0x00000000ac780000, 0x00000000e0000000)
  object space 204288K, 15% used [0x00000000a0000000,0x00000000a1f7b878,0x00000000ac780000)
 Metaspace       used 63797K, capacity 65774K, committed 66008K, reserved 1105920K
  class space    used 8411K, capacity 8896K, committed 8960K, reserved 1048576K
}

