# JRE version: OpenJDK Runtime Environment (8.0_202) (build 1.8.0_202-release-1483-b49-5587405)
# Java VM: OpenJDK 64-Bit Server VM (25.202-b49-5587405 mixed mode linux-amd64 compressed oops)
Heap:
 PSYoungGen      total 471040K, used 345357K [0x00000000e0000000, 0x00000000ffe80000, 0x0000000100000000)
  eden space 422400K, 78% used [0x00000000e0000000,0x00000000f41e72e0,0x00000000f9c80000)
  from space 48640K, 32% used [0x00000000f9c80000,0x00000000fabdc198,0x00000000fcc00000)
  to   space 47104K, 0% used [0x00000000fd080000,0x00000000fd080000,0x00000000ffe80000)
 ParOldGen       total 233984K, used 145859K [0x00000000a0000000, 0x00000000ae480000, 0x00000000e0000000)
  object space 233984K, 62% used [0x00000000a0000000,0x00000000a8e70f00,0x00000000ae480000)
 Metaspace       used 115855K, capacity 123449K, committed 123608K, reserved 1157120K
  class space    used 14639K, capacity 16001K, committed 16128K, reserved 1048576K
GC Heap History (10 events):
Event: 2167.621 GC heap before
{Heap before GC invocations=27 (full 4):
 PSYoungGen      total 467968K, used 450226K [0x00000000e0000000, 0x00000000fff00000, 0x0000000100000000)
  eden space 416768K, 100% used [0x00000000e0000000,0x00000000f9700000,0x00000000f9700000)
  from space 51200K, 65% used [0x00000000fcd00000,0x00000000fedac970,0x00000000fff00000)
  to   space 53248K, 0% used [0x00000000f9700000,0x00000000f9700000,0x00000000fcb00000)
 ParOldGen       total 233984K, used 126532K [0x00000000a0000000, 0x00000000ae480000, 0x00000000e0000000)
  object space 233984K, 54% used [0x00000000a0000000,0x00000000a7b911d0,0x00000000ae480000)
 Metaspace       used 114059K, capacity 120447K, committed 120664K, reserved 1155072K
  class space    used 14446K, capacity 15656K, committed 15744K, reserved 1048576K
Event: 2167.652 GC heap after
Heap after GC invocations=27 (full 4):
 PSYoungGen      total 470016K, used 27120K [0x00000000e0000000, 0x00000000ffe00000, 0x0000000100000000)
  eden space 416768K, 0% used [0x00000000e0000000,0x00000000e0000000,0x00000000f9700000)
  from space 53248K, 50% used [0x00000000f9700000,0x00000000fb17c3d8,0x00000000fcb00000)
  to   space 51200K, 0% used [0x00000000fcc00000,0x00000000fcc00000,0x00000000ffe00000)
 ParOldGen       total 233984K, used 133871K [0x00000000a0000000, 0x00000000ae480000, 0x00000000e0000000)
  object space 233984K, 57% used [0x00000000a0000000,0x00000000a82bbc80,0x00000000ae480000)
 Metaspace       used 114059K, capacity 120447K, committed 120664K, reserved 1155072K
  class space    used 14446K, capacity 15656K, committed 15744K, reserved 1048576K
}
Event: 2244.513 GC heap before
{Heap before GC invocations=28 (full 4):
 PSYoungGen      total 470016K, used 443888K [0x00000000e0000000, 0x00000000ffe00000, 0x0000000100000000)
  eden space 416768K, 100% used [0x00000000e0000000,0x00000000f9700000,0x00000000f9700000)
  from space 53248K, 50% used [0x00000000f9700000,0x00000000fb17c3d8,0x00000000fcb00000)
  to   space 51200K, 0% used [0x00000000fcc00000,0x00000000fcc00000,0x00000000ffe00000)
 ParOldGen       total 233984K, used 133871K [0x00000000a0000000, 0x00000000ae480000, 0x00000000e0000000)
  object space 233984K, 57% used [0x00000000a0000000,0x00000000a82bbc80,0x00000000ae480000)
 Metaspace       used 114307K, capacity 120667K, committed 120920K, reserved 1155072K
  class space    used 14450K, capacity 15658K, committed 15744K, reserved 1048576K
Event: 2244.538 GC heap after
Heap after GC invocations=28 (full 4):
 PSYoungGen      total 471040K, used 10336K [0x00000000e0000000, 0x00000000ffe00000, 0x0000000100000000)
  eden space 419840K, 0% used [0x00000000e0000000,0x00000000e0000000,0x00000000f9a00000)
  from space 51200K, 20% used [0x00000000fcc00000,0x00000000fd618030,0x00000000ffe00000)
  to   space 51200K, 0% used [0x00000000f9a00000,0x00000000f9a00000,0x00000000fcc00000)
 ParOldGen       total 233984K, used 145835K [0x00000000a0000000, 0x00000000ae480000, 0x00000000e0000000)
  object space 233984K, 62% used [0x00000000a0000000,0x00000000a8e6af00,0x00000000ae480000)
 Metaspace       used 114307K, capacity 120667K, committed 120920K, reserved 1155072K
  class space    used 14450K, capacity 15658K, committed 15744K, reserved 1048576K
}
Event: 2473.145 GC heap before
{Heap before GC invocations=29 (full 4):
 PSYoungGen      total 471040K, used 430176K [0x00000000e0000000, 0x00000000ffe00000, 0x0000000100000000)
  eden space 419840K, 100% used [0x00000000e0000000,0x00000000f9a00000,0x00000000f9a00000)
  from space 51200K, 20% used [0x00000000fcc00000,0x00000000fd618030,0x00000000ffe00000)
  to   space 51200K, 0% used [0x00000000f9a00000,0x00000000f9a00000,0x00000000fcc00000)
 ParOldGen       total 233984K, used 145835K [0x00000000a0000000, 0x00000000ae480000, 0x00000000e0000000)
  object space 233984K, 62% used [0x00000000a0000000,0x00000000a8e6af00,0x00000000ae480000)
 Metaspace       used 114530K, capacity 120823K, committed 120920K, reserved 1155072K
  class space    used 14453K, capacity 15662K, committed 15744K, reserved 1048576K
Event: 2473.156 GC heap after
Heap after GC invocations=29 (full 4):
 PSYoungGen      total 471040K, used 9328K [0x00000000e0000000, 0x00000000fff00000, 0x0000000100000000)
  eden space 419840K, 0% used [0x00000000e0000000,0x00000000e0000000,0x00000000f9a00000)
  from space 51200K, 18% used [0x00000000f9a00000,0x00000000fa31c050,0x00000000fcc00000)
  to   space 50688K, 0% used [0x00000000fcd80000,0x00000000fcd80000,0x00000000fff00000)
 ParOldGen       total 233984K, used 145843K [0x00000000a0000000, 0x00000000ae480000, 0x00000000e0000000)
  object space 233984K, 62% used [0x00000000a0000000,0x00000000a8e6cf00,0x00000000ae480000)
 Metaspace       used 114530K, capacity 120823K, committed 120920K, reserved 1155072K
  class space    used 14453K, capacity 15662K, committed 15744K, reserved 1048576K
}
Event: 2475.042 GC heap before
{Heap before GC invocations=30 (full 4):
 PSYoungGen      total 471040K, used 428870K [0x00000000e0000000, 0x00000000fff00000, 0x0000000100000000)
  eden space 419840K, 99% used [0x00000000e0000000,0x00000000f99b5830,0x00000000f9a00000)
  from space 51200K, 18% used [0x00000000f9a00000,0x00000000fa31c050,0x00000000fcc00000)
  to   space 50688K, 0% used [0x00000000fcd80000,0x00000000fcd80000,0x00000000fff00000)
 ParOldGen       total 233984K, used 145843K [0x00000000a0000000, 0x00000000ae480000, 0x00000000e0000000)
  object space 233984K, 62% used [0x00000000a0000000,0x00000000a8e6cf00,0x00000000ae480000)
 Metaspace       used 114755K, capacity 121163K, committed 121432K, reserved 1155072K
  class space    used 14455K, capacity 15664K, committed 15744K, reserved 1048576K
Event: 2475.065 GC heap after
Heap after GC invocations=30 (full 4):
 PSYoungGen      total 469504K, used 23785K [0x00000000e0000000, 0x00000000ffb80000, 0x0000000100000000)
  eden space 422400K, 0% used [0x00000000e0000000,0x00000000e0000000,0x00000000f9c80000)
  from space 47104K, 50% used [0x00000000fcd80000,0x00000000fe4ba5f0,0x00000000ffb80000)
  to   space 48640K, 0% used [0x00000000f9c80000,0x00000000f9c80000,0x00000000fcc00000)
 ParOldGen       total 233984K, used 145851K [0x00000000a0000000, 0x00000000ae480000, 0x00000000e0000000)
  object space 233984K, 62% used [0x00000000a0000000,0x00000000a8e6ef00,0x00000000ae480000)
 Metaspace       used 114755K, capacity 121163K, committed 121432K, reserved 1155072K
  class space    used 14455K, capacity 15664K, committed 15744K, reserved 1048576K
}
Event: 2704.504 GC heap before
{Heap before GC invocations=31 (full 4):
 PSYoungGen      total 469504K, used 446185K [0x00000000e0000000, 0x00000000ffb80000, 0x0000000100000000)
  eden space 422400K, 100% used [0x00000000e0000000,0x00000000f9c80000,0x00000000f9c80000)
  from space 47104K, 50% used [0x00000000fcd80000,0x00000000fe4ba5f0,0x00000000ffb80000)
  to   space 48640K, 0% used [0x00000000f9c80000,0x00000000f9c80000,0x00000000fcc00000)
 ParOldGen       total 233984K, used 145851K [0x00000000a0000000, 0x00000000ae480000, 0x00000000e0000000)
  object space 233984K, 62% used [0x00000000a0000000,0x00000000a8e6ef00,0x00000000ae480000)
 Metaspace       used 115623K, capacity 123097K, committed 123224K, reserved 1157120K
  class space    used 14618K, capacity 15965K, committed 16000K, reserved 1048576K
Event: 2704.517 GC heap after
Heap after GC invocations=31 (full 4):
 PSYoungGen      total 471040K, used 15728K [0x00000000e0000000, 0x00000000ffe80000, 0x0000000100000000)
  eden space 422400K, 0% used [0x00000000e0000000,0x00000000e0000000,0x00000000f9c80000)
  from space 48640K, 32% used [0x00000000f9c80000,0x00000000fabdc198,0x00000000fcc00000)
  to   space 47104K, 0% used [0x00000000fd080000,0x00000000fd080000,0x00000000ffe80000)
 ParOldGen       total 233984K, used 145859K [0x00000000a0000000, 0x00000000ae480000, 0x00000000e0000000)
  object space 233984K, 62% used [0x00000000a0000000,0x00000000a8e70f00,0x00000000ae480000)
 Metaspace       used 115623K, capacity 123097K, committed 123224K, reserved 1157120K
  class space    used 14618K, capacity 15965K, committed 16000K, reserved 1048576K
}

