# JRE version: OpenJDK Runtime Environment (8.0_202) (build 1.8.0_202-release-1483-b49-5587405)
# Java VM: OpenJDK 64-Bit Server VM (25.202-b49-5587405 mixed mode linux-amd64 compressed oops)
Heap:
 PSYoungGen      total 476672K, used 38945K [0x00000000e0000000, 0x0000000100000000, 0x0000000100000000)
  eden space 431616K, 7% used [0x00000000e0000000,0x00000000e1fb8968,0x00000000fa580000)
  from space 45056K, 14% used [0x00000000fa580000,0x00000000fabcfab8,0x00000000fd180000)
  to   space 44032K, 0% used [0x00000000fd500000,0x00000000fd500000,0x0000000100000000)
 ParOldGen       total 274944K, used 115486K [0x00000000a0000000, 0x00000000b0c80000, 0x00000000e0000000)
  object space 274944K, 42% used [0x00000000a0000000,0x00000000a70c7960,0x00000000b0c80000)
 Metaspace       used 98841K, capacity 102508K, committed 102784K, reserved 1138688K
  class space    used 12155K, capacity 12865K, committed 12928K, reserved 1048576K
GC Heap History (10 events):
Event: 546.828 GC heap before
{Heap before GC invocations=41 (full 4):
 PSYoungGen      total 457728K, used 426546K [0x00000000e0000000, 0x00000000ff780000, 0x0000000100000000)
  eden space 412160K, 100% used [0x00000000e0000000,0x00000000f9280000,0x00000000f9280000)
  from space 45568K, 31% used [0x00000000fcb00000,0x00000000fd90c960,0x00000000ff780000)
  to   space 51712K, 0% used [0x00000000f9280000,0x00000000f9280000,0x00000000fc500000)
 ParOldGen       total 274944K, used 91303K [0x00000000a0000000, 0x00000000b0c80000, 0x00000000e0000000)
  object space 274944K, 33% used [0x00000000a0000000,0x00000000a5929df0,0x00000000b0c80000)
 Metaspace       used 98762K, capacity 102444K, committed 102528K, reserved 1138688K
  class space    used 12154K, capacity 12865K, committed 12928K, reserved 1048576K
Event: 546.840 GC heap after
Heap after GC invocations=41 (full 4):
 PSYoungGen      total 463872K, used 18363K [0x00000000e0000000, 0x0000000100000000, 0x0000000100000000)
  eden space 412160K, 0% used [0x00000000e0000000,0x00000000e0000000,0x00000000f9280000)
  from space 51712K, 35% used [0x00000000f9280000,0x00000000fa46ed68,0x00000000fc500000)
  to   space 48640K, 0% used [0x00000000fd080000,0x00000000fd080000,0x0000000100000000)
 ParOldGen       total 274944K, used 91311K [0x00000000a0000000, 0x00000000b0c80000, 0x00000000e0000000)
  object space 274944K, 33% used [0x00000000a0000000,0x00000000a592bdf0,0x00000000b0c80000)
 Metaspace       used 98762K, capacity 102444K, committed 102528K, reserved 1138688K
  class space    used 12154K, capacity 12865K, committed 12928K, reserved 1048576K
}
Event: 547.338 GC heap before
{Heap before GC invocations=42 (full 4):
 PSYoungGen      total 463872K, used 430523K [0x00000000e0000000, 0x0000000100000000, 0x0000000100000000)
  eden space 412160K, 100% used [0x00000000e0000000,0x00000000f9280000,0x00000000f9280000)
  from space 51712K, 35% used [0x00000000f9280000,0x00000000fa46ed68,0x00000000fc500000)
  to   space 48640K, 0% used [0x00000000fd080000,0x00000000fd080000,0x0000000100000000)
 ParOldGen       total 274944K, used 91311K [0x00000000a0000000, 0x00000000b0c80000, 0x00000000e0000000)
  object space 274944K, 33% used [0x00000000a0000000,0x00000000a592bdf0,0x00000000b0c80000)
 Metaspace       used 98793K, capacity 102444K, committed 102528K, reserved 1138688K
  class space    used 12154K, capacity 12865K, committed 12928K, reserved 1048576K
Event: 547.362 GC heap after
Heap after GC invocations=42 (full 4):
 PSYoungGen      total 466432K, used 22958K [0x00000000e0000000, 0x00000000ffa00000, 0x0000000100000000)
  eden space 423936K, 0% used [0x00000000e0000000,0x00000000e0000000,0x00000000f9e00000)
  from space 42496K, 54% used [0x00000000fd080000,0x00000000fe6eb958,0x00000000ffa00000)
  to   space 47104K, 0% used [0x00000000f9e00000,0x00000000f9e00000,0x00000000fcc00000)
 ParOldGen       total 274944K, used 91319K [0x00000000a0000000, 0x00000000b0c80000, 0x00000000e0000000)
  object space 274944K, 33% used [0x00000000a0000000,0x00000000a592ddf0,0x00000000b0c80000)
 Metaspace       used 98793K, capacity 102444K, committed 102528K, reserved 1138688K
  class space    used 12154K, capacity 12865K, committed 12928K, reserved 1048576K
}
Event: 547.940 GC heap before
{Heap before GC invocations=43 (full 4):
 PSYoungGen      total 466432K, used 446894K [0x00000000e0000000, 0x00000000ffa00000, 0x0000000100000000)
  eden space 423936K, 100% used [0x00000000e0000000,0x00000000f9e00000,0x00000000f9e00000)
  from space 42496K, 54% used [0x00000000fd080000,0x00000000fe6eb958,0x00000000ffa00000)
  to   space 47104K, 0% used [0x00000000f9e00000,0x00000000f9e00000,0x00000000fcc00000)
 ParOldGen       total 274944K, used 91319K [0x00000000a0000000, 0x00000000b0c80000, 0x00000000e0000000)
  object space 274944K, 33% used [0x00000000a0000000,0x00000000a592ddf0,0x00000000b0c80000)
 Metaspace       used 98796K, capacity 102444K, committed 102528K, reserved 1138688K
  class space    used 12154K, capacity 12865K, committed 12928K, reserved 1048576K
Event: 547.956 GC heap after
Heap after GC invocations=43 (full 4):
 PSYoungGen      total 471040K, used 11992K [0x00000000e0000000, 0x0000000100000000, 0x0000000100000000)
  eden space 423936K, 0% used [0x00000000e0000000,0x00000000e0000000,0x00000000f9e00000)
  from space 47104K, 25% used [0x00000000f9e00000,0x00000000fa9b6208,0x00000000fcc00000)
  to   space 45568K, 0% used [0x00000000fd380000,0x00000000fd380000,0x0000000100000000)
 ParOldGen       total 274944K, used 103007K [0x00000000a0000000, 0x00000000b0c80000, 0x00000000e0000000)
  object space 274944K, 37% used [0x00000000a0000000,0x00000000a6497c60,0x00000000b0c80000)
 Metaspace       used 98796K, capacity 102444K, committed 102528K, reserved 1138688K
  class space    used 12154K, capacity 12865K, committed 12928K, reserved 1048576K
}
Event: 548.463 GC heap before
{Heap before GC invocations=44 (full 4):
 PSYoungGen      total 471040K, used 435928K [0x00000000e0000000, 0x0000000100000000, 0x0000000100000000)
  eden space 423936K, 100% used [0x00000000e0000000,0x00000000f9e00000,0x00000000f9e00000)
  from space 47104K, 25% used [0x00000000f9e00000,0x00000000fa9b6208,0x00000000fcc00000)
  to   space 45568K, 0% used [0x00000000fd380000,0x00000000fd380000,0x0000000100000000)
 ParOldGen       total 274944K, used 103007K [0x00000000a0000000, 0x00000000b0c80000, 0x00000000e0000000)
  object space 274944K, 37% used [0x00000000a0000000,0x00000000a6497c60,0x00000000b0c80000)
 Metaspace       used 98803K, capacity 102444K, committed 102528K, reserved 1138688K
  class space    used 12155K, capacity 12865K, committed 12928K, reserved 1048576K
Event: 548.477 GC heap after
Heap after GC invocations=44 (full 4):
 PSYoungGen      total 474624K, used 5772K [0x00000000e0000000, 0x00000000ffd80000, 0x0000000100000000)
  eden space 431616K, 0% used [0x00000000e0000000,0x00000000e0000000,0x00000000fa580000)
  from space 43008K, 13% used [0x00000000fd380000,0x00000000fd923210,0x00000000ffd80000)
  to   space 45056K, 0% used [0x00000000fa580000,0x00000000fa580000,0x00000000fd180000)
 ParOldGen       total 274944K, used 112356K [0x00000000a0000000, 0x00000000b0c80000, 0x00000000e0000000)
  object space 274944K, 40% used [0x00000000a0000000,0x00000000a6db91a8,0x00000000b0c80000)
 Metaspace       used 98803K, capacity 102444K, committed 102528K, reserved 1138688K
  class space    used 12155K, capacity 12865K, committed 12928K, reserved 1048576K
}
Event: 548.996 GC heap before
{Heap before GC invocations=45 (full 4):
 PSYoungGen      total 474624K, used 437388K [0x00000000e0000000, 0x00000000ffd80000, 0x0000000100000000)
  eden space 431616K, 100% used [0x00000000e0000000,0x00000000fa580000,0x00000000fa580000)
  from space 43008K, 13% used [0x00000000fd380000,0x00000000fd923210,0x00000000ffd80000)
  to   space 45056K, 0% used [0x00000000fa580000,0x00000000fa580000,0x00000000fd180000)
 ParOldGen       total 274944K, used 112356K [0x00000000a0000000, 0x00000000b0c80000, 0x00000000e0000000)
  object space 274944K, 40% used [0x00000000a0000000,0x00000000a6db91a8,0x00000000b0c80000)
 Metaspace       used 98831K, capacity 102508K, committed 102784K, reserved 1138688K
  class space    used 12155K, capacity 12865K, committed 12928K, reserved 1048576K
Event: 549.009 GC heap after
Heap after GC invocations=45 (full 4):
 PSYoungGen      total 476672K, used 6462K [0x00000000e0000000, 0x0000000100000000, 0x0000000100000000)
  eden space 431616K, 0% used [0x00000000e0000000,0x00000000e0000000,0x00000000fa580000)
  from space 45056K, 14% used [0x00000000fa580000,0x00000000fabcfab8,0x00000000fd180000)
  to   space 44032K, 0% used [0x00000000fd500000,0x00000000fd500000,0x0000000100000000)
 ParOldGen       total 274944K, used 115486K [0x00000000a0000000, 0x00000000b0c80000, 0x00000000e0000000)
  object space 274944K, 42% used [0x00000000a0000000,0x00000000a70c7960,0x00000000b0c80000)
 Metaspace       used 98831K, capacity 102508K, committed 102784K, reserved 1138688K
  class space    used 12155K, capacity 12865K, committed 12928K, reserved 1048576K
}

