# JRE version: OpenJDK Runtime Environment (8.0_202) (build 1.8.0_202-release-1483-b49-5587405)
# Java VM: OpenJDK 64-Bit Server VM (25.202-b49-5587405 mixed mode linux-amd64 compressed oops)
Heap:
 PSYoungGen      total 480768K, used 320010K [0x00000000e0000000, 0x0000000100000000, 0x0000000100000000)
  eden space 437248K, 70% used [0x00000000e0000000,0x00000000f2e526d0,0x00000000fab00000)
  from space 43520K, 23% used [0x00000000fab00000,0x00000000fb530188,0x00000000fd580000)
  to   space 43520K, 0% used [0x00000000fd580000,0x00000000fd580000,0x0000000100000000)
 ParOldGen       total 196608K, used 100239K [0x00000000a0000000, 0x00000000ac000000, 0x00000000e0000000)
  object space 196608K, 50% used [0x00000000a0000000,0x00000000a61e3ef8,0x00000000ac000000)
 Metaspace       used 90299K, capacity 94336K, committed 94424K, reserved 1132544K
  class space    used 11491K, capacity 12259K, committed 12288K, reserved 1048576K
GC Heap History (10 events):
Event: 170.142 GC heap before
{Heap before GC invocations=40 (full 3):
 PSYoungGen      total 482304K, used 470092K [0x00000000e0000000, 0x00000000ffd00000, 0x0000000100000000)
  eden space 446464K, 99% used [0x00000000e0000000,0x00000000fb3e6d38,0x00000000fb400000)
  from space 35840K, 66% used [0x00000000fda00000,0x00000000ff12c6c0,0x00000000ffd00000)
  to   space 37376K, 0% used [0x00000000fb400000,0x00000000fb400000,0x00000000fd880000)
 ParOldGen       total 196608K, used 79826K [0x00000000a0000000, 0x00000000ac000000, 0x00000000e0000000)
  object space 196608K, 40% used [0x00000000a0000000,0x00000000a4df4ad8,0x00000000ac000000)
 Metaspace       used 86936K, capacity 90402K, committed 90584K, reserved 1128448K
  class space    used 11079K, capacity 11764K, committed 11776K, reserved 1048576K
Event: 170.164 GC heap after
Heap after GC invocations=40 (full 3):
 PSYoungGen      total 483840K, used 28272K [0x00000000e0000000, 0x0000000100000000, 0x0000000100000000)
  eden space 446464K, 0% used [0x00000000e0000000,0x00000000e0000000,0x00000000fb400000)
  from space 37376K, 75% used [0x00000000fb400000,0x00000000fcf9c1f8,0x00000000fd880000)
  to   space 38400K, 0% used [0x00000000fda80000,0x00000000fda80000,0x0000000100000000)
 ParOldGen       total 196608K, used 79962K [0x00000000a0000000, 0x00000000ac000000, 0x00000000e0000000)
  object space 196608K, 40% used [0x00000000a0000000,0x00000000a4e16ad8,0x00000000ac000000)
 Metaspace       used 86936K, capacity 90402K, committed 90584K, reserved 1128448K
  class space    used 11079K, capacity 11764K, committed 11776K, reserved 1048576K
}
Event: 170.608 GC heap before
{Heap before GC invocations=41 (full 3):
 PSYoungGen      total 483840K, used 474736K [0x00000000e0000000, 0x0000000100000000, 0x0000000100000000)
  eden space 446464K, 100% used [0x00000000e0000000,0x00000000fb400000,0x00000000fb400000)
  from space 37376K, 75% used [0x00000000fb400000,0x00000000fcf9c1f8,0x00000000fd880000)
  to   space 38400K, 0% used [0x00000000fda80000,0x00000000fda80000,0x0000000100000000)
 ParOldGen       total 196608K, used 79962K [0x00000000a0000000, 0x00000000ac000000, 0x00000000e0000000)
  object space 196608K, 40% used [0x00000000a0000000,0x00000000a4e16ad8,0x00000000ac000000)
 Metaspace       used 86941K, capacity 90466K, committed 90584K, reserved 1128448K
  class space    used 11079K, capacity 11764K, committed 11776K, reserved 1048576K
Event: 170.629 GC heap after
Heap after GC invocations=41 (full 3):
 PSYoungGen      total 485888K, used 15032K [0x00000000e0000000, 0x0000000100000000, 0x0000000100000000)
  eden space 447488K, 0% used [0x00000000e0000000,0x00000000e0000000,0x00000000fb500000)
  from space 38400K, 39% used [0x00000000fda80000,0x00000000fe92e250,0x0000000100000000)
  to   space 38400K, 0% used [0x00000000fb500000,0x00000000fb500000,0x00000000fda80000)
 ParOldGen       total 196608K, used 82088K [0x00000000a0000000, 0x00000000ac000000, 0x00000000e0000000)
  object space 196608K, 41% used [0x00000000a0000000,0x00000000a502a2a0,0x00000000ac000000)
 Metaspace       used 86941K, capacity 90466K, committed 90584K, reserved 1128448K
  class space    used 11079K, capacity 11764K, committed 11776K, reserved 1048576K
}
Event: 171.535 GC heap before
{Heap before GC invocations=42 (full 3):
 PSYoungGen      total 485888K, used 462520K [0x00000000e0000000, 0x0000000100000000, 0x0000000100000000)
  eden space 447488K, 100% used [0x00000000e0000000,0x00000000fb500000,0x00000000fb500000)
  from space 38400K, 39% used [0x00000000fda80000,0x00000000fe92e250,0x0000000100000000)
  to   space 38400K, 0% used [0x00000000fb500000,0x00000000fb500000,0x00000000fda80000)
 ParOldGen       total 196608K, used 82088K [0x00000000a0000000, 0x00000000ac000000, 0x00000000e0000000)
  object space 196608K, 41% used [0x00000000a0000000,0x00000000a502a2a0,0x00000000ac000000)
 Metaspace       used 86973K, capacity 90466K, committed 90584K, reserved 1128448K
  class space    used 11080K, capacity 11764K, committed 11776K, reserved 1048576K
Event: 171.578 GC heap after
Heap after GC invocations=42 (full 3):
 PSYoungGen      total 453120K, used 5408K [0x00000000e0000000, 0x0000000100000000, 0x0000000100000000)
  eden space 447488K, 0% used [0x00000000e0000000,0x00000000e0000000,0x00000000fb500000)
  from space 5632K, 96% used [0x00000000fb500000,0x00000000fba48040,0x00000000fba80000)
  to   space 39424K, 0% used [0x00000000fd980000,0x00000000fd980000,0x0000000100000000)
 ParOldGen       total 196608K, used 93450K [0x00000000a0000000, 0x00000000ac000000, 0x00000000e0000000)
  object space 196608K, 47% used [0x00000000a0000000,0x00000000a5b42b18,0x00000000ac000000)
 Metaspace       used 86973K, capacity 90466K, committed 90584K, reserved 1128448K
  class space    used 11080K, capacity 11764K, committed 11776K, reserved 1048576K
}
Event: 173.268 GC heap before
{Heap before GC invocations=43 (full 3):
 PSYoungGen      total 453120K, used 452896K [0x00000000e0000000, 0x0000000100000000, 0x0000000100000000)
  eden space 447488K, 100% used [0x00000000e0000000,0x00000000fb500000,0x00000000fb500000)
  from space 5632K, 96% used [0x00000000fb500000,0x00000000fba48040,0x00000000fba80000)
  to   space 39424K, 0% used [0x00000000fd980000,0x00000000fd980000,0x0000000100000000)
 ParOldGen       total 196608K, used 93450K [0x00000000a0000000, 0x00000000ac000000, 0x00000000e0000000)
  object space 196608K, 47% used [0x00000000a0000000,0x00000000a5b42b18,0x00000000ac000000)
 Metaspace       used 87019K, capacity 90472K, committed 90584K, reserved 1128448K
  class space    used 11080K, capacity 11765K, committed 11776K, reserved 1048576K
Event: 173.302 GC heap after
Heap after GC invocations=43 (full 3):
 PSYoungGen      total 476672K, used 36797K [0x00000000e0000000, 0x0000000100000000, 0x0000000100000000)
  eden space 437248K, 0% used [0x00000000e0000000,0x00000000e0000000,0x00000000fab00000)
  from space 39424K, 93% used [0x00000000fd980000,0x00000000ffd6f620,0x0000000100000000)
  to   space 43520K, 0% used [0x00000000fab00000,0x00000000fab00000,0x00000000fd580000)
 ParOldGen       total 196608K, used 96119K [0x00000000a0000000, 0x00000000ac000000, 0x00000000e0000000)
  object space 196608K, 48% used [0x00000000a0000000,0x00000000a5dddec8,0x00000000ac000000)
 Metaspace       used 87019K, capacity 90472K, committed 90584K, reserved 1128448K
  class space    used 11080K, capacity 11765K, committed 11776K, reserved 1048576K
}
Event: 335.404 GC heap before
{Heap before GC invocations=44 (full 3):
 PSYoungGen      total 476672K, used 474045K [0x00000000e0000000, 0x0000000100000000, 0x0000000100000000)
  eden space 437248K, 100% used [0x00000000e0000000,0x00000000fab00000,0x00000000fab00000)
  from space 39424K, 93% used [0x00000000fd980000,0x00000000ffd6f620,0x0000000100000000)
  to   space 43520K, 0% used [0x00000000fab00000,0x00000000fab00000,0x00000000fd580000)
 ParOldGen       total 196608K, used 96119K [0x00000000a0000000, 0x00000000ac000000, 0x00000000e0000000)
  object space 196608K, 48% used [0x00000000a0000000,0x00000000a5dddec8,0x00000000ac000000)
 Metaspace       used 89741K, capacity 93638K, committed 93912K, reserved 1130496K
  class space    used 11457K, capacity 12208K, committed 12288K, reserved 1048576K
Event: 335.431 GC heap after
Heap after GC invocations=44 (full 3):
 PSYoungGen      total 480768K, used 10432K [0x00000000e0000000, 0x0000000100000000, 0x0000000100000000)
  eden space 437248K, 0% used [0x00000000e0000000,0x00000000e0000000,0x00000000fab00000)
  from space 43520K, 23% used [0x00000000fab00000,0x00000000fb530188,0x00000000fd580000)
  to   space 43520K, 0% used [0x00000000fd580000,0x00000000fd580000,0x0000000100000000)
 ParOldGen       total 196608K, used 100239K [0x00000000a0000000, 0x00000000ac000000, 0x00000000e0000000)
  object space 196608K, 50% used [0x00000000a0000000,0x00000000a61e3ef8,0x00000000ac000000)
 Metaspace       used 89741K, capacity 93638K, committed 93912K, reserved 1130496K
  class space    used 11457K, capacity 12208K, committed 12288K, reserved 1048576K
}

