# JRE version: OpenJDK Runtime Environment (8.0_202) (build 1.8.0_202-release-1483-b49-5587405)
# Java VM: OpenJDK 64-Bit Server VM (25.202-b49-5587405 mixed mode linux-amd64 compressed oops)
Heap:
 PSYoungGen      total 328192K, used 203910K [0x00000000e0000000, 0x00000000fab00000, 0x0000000100000000)
  eden space 286720K, 60% used [0x00000000e0000000,0x00000000ea953be8,0x00000000f1800000)
  from space 41472K, 73% used [0x00000000f1800000,0x00000000f35cdfa0,0x00000000f4080000)
  to   space 43520K, 0% used [0x00000000f8080000,0x00000000f8080000,0x00000000fab00000)
 ParOldGen       total 183296K, used 77762K [0x00000000a0000000, 0x00000000ab300000, 0x00000000e0000000)
  object space 183296K, 42% used [0x00000000a0000000,0x00000000a4bf0b50,0x00000000ab300000)
 Metaspace       used 84664K, capacity 87586K, committed 87640K, reserved 1126400K
  class space    used 10998K, capacity 11638K, committed 11648K, reserved 1048576K
GC Heap History (10 events):
Event: 717.599 GC heap before
{Heap before GC invocations=12 (full 3):
 PSYoungGen      total 228864K, used 210432K [0x00000000e0000000, 0x00000000efc80000, 0x0000000100000000)
  eden space 210432K, 100% used [0x00000000e0000000,0x00000000ecd80000,0x00000000ecd80000)
  from space 18432K, 0% used [0x00000000ee300000,0x00000000ee300000,0x00000000ef500000)
  to   space 22016K, 0% used [0x00000000ecd80000,0x00000000ecd80000,0x00000000ee300000)
 ParOldGen       total 183296K, used 34815K [0x00000000a0000000, 0x00000000ab300000, 0x00000000e0000000)
  object space 183296K, 18% used [0x00000000a0000000,0x00000000a21ffd50,0x00000000ab300000)
 Metaspace       used 66890K, capacity 68766K, committed 68952K, reserved 1110016K
  class space    used 8795K, capacity 9288K, committed 9344K, reserved 1048576K
Event: 717.620 GC heap after
Heap after GC invocations=12 (full 3):
 PSYoungGen      total 232448K, used 18257K [0x00000000e0000000, 0x00000000f2300000, 0x0000000100000000)
  eden space 210432K, 0% used [0x00000000e0000000,0x00000000e0000000,0x00000000ecd80000)
  from space 22016K, 82% used [0x00000000ecd80000,0x00000000edf54678,0x00000000ee300000)
  to   space 23552K, 0% used [0x00000000f0c00000,0x00000000f0c00000,0x00000000f2300000)
 ParOldGen       total 183296K, used 34823K [0x00000000a0000000, 0x00000000ab300000, 0x00000000e0000000)
  object space 183296K, 18% used [0x00000000a0000000,0x00000000a2201d50,0x00000000ab300000)
 Metaspace       used 66890K, capacity 68766K, committed 68952K, reserved 1110016K
  class space    used 8795K, capacity 9288K, committed 9344K, reserved 1048576K
}
Event: 719.190 GC heap before
{Heap before GC invocations=13 (full 3):
 PSYoungGen      total 232448K, used 228689K [0x00000000e0000000, 0x00000000f2300000, 0x0000000100000000)
  eden space 210432K, 100% used [0x00000000e0000000,0x00000000ecd80000,0x00000000ecd80000)
  from space 22016K, 82% used [0x00000000ecd80000,0x00000000edf54678,0x00000000ee300000)
  to   space 23552K, 0% used [0x00000000f0c00000,0x00000000f0c00000,0x00000000f2300000)
 ParOldGen       total 183296K, used 34823K [0x00000000a0000000, 0x00000000ab300000, 0x00000000e0000000)
  object space 183296K, 18% used [0x00000000a0000000,0x00000000a2201d50,0x00000000ab300000)
 Metaspace       used 68593K, capacity 70534K, committed 70616K, reserved 1110016K
  class space    used 8938K, capacity 9436K, committed 9472K, reserved 1048576K
Event: 719.218 GC heap after
Heap after GC invocations=13 (full 3):
 PSYoungGen      total 267776K, used 23532K [0x00000000e0000000, 0x00000000f3180000, 0x0000000100000000)
  eden space 244224K, 0% used [0x00000000e0000000,0x00000000e0000000,0x00000000eee80000)
  from space 23552K, 99% used [0x00000000f0c00000,0x00000000f22fb1a0,0x00000000f2300000)
  to   space 30208K, 0% used [0x00000000eee80000,0x00000000eee80000,0x00000000f0c00000)
 ParOldGen       total 183296K, used 44720K [0x00000000a0000000, 0x00000000ab300000, 0x00000000e0000000)
  object space 183296K, 24% used [0x00000000a0000000,0x00000000a2bac2f0,0x00000000ab300000)
 Metaspace       used 68593K, capacity 70534K, committed 70616K, reserved 1110016K
  class space    used 8938K, capacity 9436K, committed 9472K, reserved 1048576K
}
Event: 722.817 GC heap before
{Heap before GC invocations=14 (full 3):
 PSYoungGen      total 267776K, used 267756K [0x00000000e0000000, 0x00000000f3180000, 0x0000000100000000)
  eden space 244224K, 100% used [0x00000000e0000000,0x00000000eee80000,0x00000000eee80000)
  from space 23552K, 99% used [0x00000000f0c00000,0x00000000f22fb1a0,0x00000000f2300000)
  to   space 30208K, 0% used [0x00000000eee80000,0x00000000eee80000,0x00000000f0c00000)
 ParOldGen       total 183296K, used 44720K [0x00000000a0000000, 0x00000000ab300000, 0x00000000e0000000)
  object space 183296K, 24% used [0x00000000a0000000,0x00000000a2bac2f0,0x00000000ab300000)
 Metaspace       used 74896K, capacity 77112K, committed 77400K, reserved 1116160K
  class space    used 9715K, capacity 10245K, committed 10368K, reserved 1048576K
Event: 722.849 GC heap after
Heap after GC invocations=14 (full 3):
 PSYoungGen      total 274432K, used 30188K [0x00000000e0000000, 0x00000000f6680000, 0x0000000100000000)
  eden space 244224K, 0% used [0x00000000e0000000,0x00000000e0000000,0x00000000eee80000)
  from space 30208K, 99% used [0x00000000eee80000,0x00000000f0bfb200,0x00000000f0c00000)
  to   space 38912K, 0% used [0x00000000f4080000,0x00000000f4080000,0x00000000f6680000)
 ParOldGen       total 183296K, used 56174K [0x00000000a0000000, 0x00000000ab300000, 0x00000000e0000000)
  object space 183296K, 30% used [0x00000000a0000000,0x00000000a36dbad8,0x00000000ab300000)
 Metaspace       used 74896K, capacity 77112K, committed 77400K, reserved 1116160K
  class space    used 9715K, capacity 10245K, committed 10368K, reserved 1048576K
}
Event: 725.514 GC heap before
{Heap before GC invocations=15 (full 3):
 PSYoungGen      total 274432K, used 274412K [0x00000000e0000000, 0x00000000f6680000, 0x0000000100000000)
  eden space 244224K, 100% used [0x00000000e0000000,0x00000000eee80000,0x00000000eee80000)
  from space 30208K, 99% used [0x00000000eee80000,0x00000000f0bfb200,0x00000000f0c00000)
  to   space 38912K, 0% used [0x00000000f4080000,0x00000000f4080000,0x00000000f6680000)
 ParOldGen       total 183296K, used 56174K [0x00000000a0000000, 0x00000000ab300000, 0x00000000e0000000)
  object space 183296K, 30% used [0x00000000a0000000,0x00000000a36dbad8,0x00000000ab300000)
 Metaspace       used 84027K, capacity 86942K, committed 87128K, reserved 1124352K
  class space    used 10949K, capacity 11588K, committed 11648K, reserved 1048576K
Event: 725.570 GC heap after
Heap after GC invocations=15 (full 3):
 PSYoungGen      total 325632K, used 30329K [0x00000000e0000000, 0x00000000f7000000, 0x0000000100000000)
  eden space 286720K, 0% used [0x00000000e0000000,0x00000000e0000000,0x00000000f1800000)
  from space 38912K, 77% used [0x00000000f4080000,0x00000000f5e1e580,0x00000000f6680000)
  to   space 41472K, 0% used [0x00000000f1800000,0x00000000f1800000,0x00000000f4080000)
 ParOldGen       total 183296K, used 77754K [0x00000000a0000000, 0x00000000ab300000, 0x00000000e0000000)
  object space 183296K, 42% used [0x00000000a0000000,0x00000000a4beeb50,0x00000000ab300000)
 Metaspace       used 84027K, capacity 86942K, committed 87128K, reserved 1124352K
  class space    used 10949K, capacity 11588K, committed 11648K, reserved 1048576K
}
Event: 726.682 GC heap before
{Heap before GC invocations=16 (full 3):
 PSYoungGen      total 325632K, used 317049K [0x00000000e0000000, 0x00000000f7000000, 0x0000000100000000)
  eden space 286720K, 100% used [0x00000000e0000000,0x00000000f1800000,0x00000000f1800000)
  from space 38912K, 77% used [0x00000000f4080000,0x00000000f5e1e580,0x00000000f6680000)
  to   space 41472K, 0% used [0x00000000f1800000,0x00000000f1800000,0x00000000f4080000)
 ParOldGen       total 183296K, used 77754K [0x00000000a0000000, 0x00000000ab300000, 0x00000000e0000000)
  object space 183296K, 42% used [0x00000000a0000000,0x00000000a4beeb50,0x00000000ab300000)
 Metaspace       used 84465K, capacity 87382K, committed 87640K, reserved 1126400K
  class space    used 10982K, capacity 11598K, committed 11648K, reserved 1048576K
Event: 726.710 GC heap after
Heap after GC invocations=16 (full 3):
 PSYoungGen      total 328192K, used 30519K [0x00000000e0000000, 0x00000000fab00000, 0x0000000100000000)
  eden space 286720K, 0% used [0x00000000e0000000,0x00000000e0000000,0x00000000f1800000)
  from space 41472K, 73% used [0x00000000f1800000,0x00000000f35cdfa0,0x00000000f4080000)
  to   space 43520K, 0% used [0x00000000f8080000,0x00000000f8080000,0x00000000fab00000)
 ParOldGen       total 183296K, used 77762K [0x00000000a0000000, 0x00000000ab300000, 0x00000000e0000000)
  object space 183296K, 42% used [0x00000000a0000000,0x00000000a4bf0b50,0x00000000ab300000)
 Metaspace       used 84465K, capacity 87382K, committed 87640K, reserved 1126400K
  class space    used 10982K, capacity 11598K, committed 11648K, reserved 1048576K
}

