# JRE version: OpenJDK Runtime Environment (8.0_202) (build 1.8.0_202-release-1483-b49-5587405)
# Java VM: OpenJDK 64-Bit Server VM (25.202-b49-5587405 mixed mode linux-amd64 compressed oops)
Heap:
 PSYoungGen      total 232960K, used 39190K [0x00000000e0000000, 0x00000000f0580000, 0x0000000100000000)
  eden space 215040K, 9% used [0x00000000e0000000,0x00000000e14cda90,0x00000000ed200000)
  from space 17920K, 99% used [0x00000000ee900000,0x00000000efa78120,0x00000000efa80000)
  to   space 23552K, 0% used [0x00000000ed200000,0x00000000ed200000,0x00000000ee900000)
 ParOldGen       total 119808K, used 32932K [0x00000000a0000000, 0x00000000a7500000, 0x00000000e0000000)
  object space 119808K, 27% used [0x00000000a0000000,0x00000000a20291e0,0x00000000a7500000)
 Metaspace       used 54913K, capacity 56668K, committed 56832K, reserved 1097728K
  class space    used 7571K, capacity 8085K, committed 8192K, reserved 1048576K
GC Heap History (10 events):
Event: 4.018 GC heap before
{Heap before GC invocations=6 (full 1):
 PSYoungGen      total 103936K, used 96256K [0x00000000e0000000, 0x00000000e6d00000, 0x0000000100000000)
  eden space 96256K, 100% used [0x00000000e0000000,0x00000000e5e00000,0x00000000e5e00000)
  from space 7680K, 0% used [0x00000000e6580000,0x00000000e6580000,0x00000000e6d00000)
  to   space 7680K, 0% used [0x00000000e5e00000,0x00000000e5e00000,0x00000000e6580000)
 ParOldGen       total 76288K, used 8057K [0x00000000a0000000, 0x00000000a4a80000, 0x00000000e0000000)
  object space 76288K, 10% used [0x00000000a0000000,0x00000000a07de4b8,0x00000000a4a80000)
 Metaspace       used 28023K, capacity 28320K, committed 28672K, reserved 1073152K
  class space    used 3906K, capacity 4021K, committed 4096K, reserved 1048576K
Event: 4.034 GC heap after
Heap after GC invocations=6 (full 1):
 PSYoungGen      total 103936K, used 7648K [0x00000000e0000000, 0x00000000ead00000, 0x0000000100000000)
  eden space 96256K, 0% used [0x00000000e0000000,0x00000000e0000000,0x00000000e5e00000)
  from space 7680K, 99% used [0x00000000e5e00000,0x00000000e65780f8,0x00000000e6580000)
  to   space 11264K, 0% used [0x00000000ea200000,0x00000000ea200000,0x00000000ead00000)
 ParOldGen       total 76288K, used 9431K [0x00000000a0000000, 0x00000000a4a80000, 0x00000000e0000000)
  object space 76288K, 12% used [0x00000000a0000000,0x00000000a0935c78,0x00000000a4a80000)
 Metaspace       used 28023K, capacity 28320K, committed 28672K, reserved 1073152K
  class space    used 3906K, capacity 4021K, committed 4096K, reserved 1048576K
}
Event: 5.703 GC heap before
{Heap before GC invocations=7 (full 1):
 PSYoungGen      total 103936K, used 83876K [0x00000000e0000000, 0x00000000ead00000, 0x0000000100000000)
  eden space 96256K, 79% used [0x00000000e0000000,0x00000000e4a711f8,0x00000000e5e00000)
  from space 7680K, 99% used [0x00000000e5e00000,0x00000000e65780f8,0x00000000e6580000)
  to   space 11264K, 0% used [0x00000000ea200000,0x00000000ea200000,0x00000000ead00000)
 ParOldGen       total 76288K, used 9431K [0x00000000a0000000, 0x00000000a4a80000, 0x00000000e0000000)
  object space 76288K, 12% used [0x00000000a0000000,0x00000000a0935c78,0x00000000a4a80000)
 Metaspace       used 34660K, capacity 35252K, committed 35416K, reserved 1079296K
  class space    used 4802K, capacity 5034K, committed 5120K, reserved 1048576K
Event: 5.728 GC heap after
Heap after GC invocations=7 (full 1):
 PSYoungGen      total 162816K, used 11241K [0x00000000e0000000, 0x00000000ead00000, 0x0000000100000000)
  eden space 151552K, 0% used [0x00000000e0000000,0x00000000e0000000,0x00000000e9400000)
  from space 11264K, 99% used [0x00000000ea200000,0x00000000eacfa460,0x00000000ead00000)
  to   space 12800K, 0% used [0x00000000e9400000,0x00000000e9400000,0x00000000ea080000)
 ParOldGen       total 76288K, used 9797K [0x00000000a0000000, 0x00000000a4a80000, 0x00000000e0000000)
  object space 76288K, 12% used [0x00000000a0000000,0x00000000a0991428,0x00000000a4a80000)
 Metaspace       used 34660K, capacity 35252K, committed 35416K, reserved 1079296K
  class space    used 4802K, capacity 5034K, committed 5120K, reserved 1048576K
}
Event: 5.728 GC heap before
{Heap before GC invocations=8 (full 2):
 PSYoungGen      total 162816K, used 11241K [0x00000000e0000000, 0x00000000ead00000, 0x0000000100000000)
  eden space 151552K, 0% used [0x00000000e0000000,0x00000000e0000000,0x00000000e9400000)
  from space 11264K, 99% used [0x00000000ea200000,0x00000000eacfa460,0x00000000ead00000)
  to   space 12800K, 0% used [0x00000000e9400000,0x00000000e9400000,0x00000000ea080000)
 ParOldGen       total 76288K, used 9797K [0x00000000a0000000, 0x00000000a4a80000, 0x00000000e0000000)
  object space 76288K, 12% used [0x00000000a0000000,0x00000000a0991428,0x00000000a4a80000)
 Metaspace       used 34660K, capacity 35252K, committed 35416K, reserved 1079296K
  class space    used 4802K, capacity 5034K, committed 5120K, reserved 1048576K
Event: 5.830 GC heap after
Heap after GC invocations=8 (full 2):
 PSYoungGen      total 162816K, used 0K [0x00000000e0000000, 0x00000000ead00000, 0x0000000100000000)
  eden space 151552K, 0% used [0x00000000e0000000,0x00000000e0000000,0x00000000e9400000)
  from space 11264K, 0% used [0x00000000ea200000,0x00000000ea200000,0x00000000ead00000)
  to   space 12800K, 0% used [0x00000000e9400000,0x00000000e9400000,0x00000000ea080000)
 ParOldGen       total 119808K, used 18261K [0x00000000a0000000, 0x00000000a7500000, 0x00000000e0000000)
  object space 119808K, 15% used [0x00000000a0000000,0x00000000a11d5650,0x00000000a7500000)
 Metaspace       used 34660K, capacity 35252K, committed 35416K, reserved 1079296K
  class space    used 4802K, capacity 5034K, committed 5120K, reserved 1048576K
}
Event: 8.612 GC heap before
{Heap before GC invocations=9 (full 2):
 PSYoungGen      total 162816K, used 151552K [0x00000000e0000000, 0x00000000ead00000, 0x0000000100000000)
  eden space 151552K, 100% used [0x00000000e0000000,0x00000000e9400000,0x00000000e9400000)
  from space 11264K, 0% used [0x00000000ea200000,0x00000000ea200000,0x00000000ead00000)
  to   space 12800K, 0% used [0x00000000e9400000,0x00000000e9400000,0x00000000ea080000)
 ParOldGen       total 119808K, used 18261K [0x00000000a0000000, 0x00000000a7500000, 0x00000000e0000000)
  object space 119808K, 15% used [0x00000000a0000000,0x00000000a11d5650,0x00000000a7500000)
 Metaspace       used 45605K, capacity 46588K, committed 46720K, reserved 1089536K
  class space    used 6137K, capacity 6518K, committed 6528K, reserved 1048576K
Event: 8.643 GC heap after
Heap after GC invocations=9 (full 2):
 PSYoungGen      total 164352K, used 12777K [0x00000000e0000000, 0x00000000efa80000, 0x0000000100000000)
  eden space 151552K, 0% used [0x00000000e0000000,0x00000000e0000000,0x00000000e9400000)
  from space 12800K, 99% used [0x00000000e9400000,0x00000000ea07a7d8,0x00000000ea080000)
  to   space 17920K, 0% used [0x00000000ee900000,0x00000000ee900000,0x00000000efa80000)
 ParOldGen       total 119808K, used 24830K [0x00000000a0000000, 0x00000000a7500000, 0x00000000e0000000)
  object space 119808K, 20% used [0x00000000a0000000,0x00000000a183f988,0x00000000a7500000)
 Metaspace       used 45605K, capacity 46588K, committed 46720K, reserved 1089536K
  class space    used 6137K, capacity 6518K, committed 6528K, reserved 1048576K
}
Event: 11.421 GC heap before
{Heap before GC invocations=10 (full 2):
 PSYoungGen      total 164352K, used 164329K [0x00000000e0000000, 0x00000000efa80000, 0x0000000100000000)
  eden space 151552K, 100% used [0x00000000e0000000,0x00000000e9400000,0x00000000e9400000)
  from space 12800K, 99% used [0x00000000e9400000,0x00000000ea07a7d8,0x00000000ea080000)
  to   space 17920K, 0% used [0x00000000ee900000,0x00000000ee900000,0x00000000efa80000)
 ParOldGen       total 119808K, used 24830K [0x00000000a0000000, 0x00000000a7500000, 0x00000000e0000000)
  object space 119808K, 20% used [0x00000000a0000000,0x00000000a183f988,0x00000000a7500000)
 Metaspace       used 54395K, capacity 56110K, committed 56448K, reserved 1097728K
  class space    used 7466K, capacity 7939K, committed 8064K, reserved 1048576K
Event: 11.479 GC heap after
Heap after GC invocations=10 (full 2):
 PSYoungGen      total 232960K, used 17888K [0x00000000e0000000, 0x00000000f0580000, 0x0000000100000000)
  eden space 215040K, 0% used [0x00000000e0000000,0x00000000e0000000,0x00000000ed200000)
  from space 17920K, 99% used [0x00000000ee900000,0x00000000efa78120,0x00000000efa80000)
  to   space 23552K, 0% used [0x00000000ed200000,0x00000000ed200000,0x00000000ee900000)
 ParOldGen       total 119808K, used 32932K [0x00000000a0000000, 0x00000000a7500000, 0x00000000e0000000)
  object space 119808K, 27% used [0x00000000a0000000,0x00000000a20291e0,0x00000000a7500000)
 Metaspace       used 54395K, capacity 56110K, committed 56448K, reserved 1097728K
  class space    used 7466K, capacity 7939K, committed 8064K, reserved 1048576K
}

